{"numTotalTestSuites":4,"numPassedTestSuites":4,"numFailedTestSuites":0,"numPendingTestSuites":0,"numTotalTests":2,"numPassedTests":2,"numFailedTests":0,"numPendingTests":0,"numTodoTests":0,"snapshot":{"added":0,"failure":false,"filesAdded":0,"filesRemoved":0,"filesRemovedList":[],"filesUnmatched":0,"filesUpdated":0,"matched":0,"total":0,"unchecked":0,"uncheckedKeysByFile":[],"unmatched":0,"updated":0,"didUpdate":false},"startTime":1774724276285,"success":true,"testResults":[{"assertionResults":[{"ancestorTitles":["ExamPlayer keyboard"],"fullName":"ExamPlayer keyboard supports keyboard option selection and next navigation","status":"passed","title":"supports keyboard option selection and next navigation","duration":741.4152999999997,"failureMessages":[],"meta":{}}],"startTime":1774724283651,"endTime":1774724284392.4153,"status":"passed","message":"","name":"C:/Users/A/OneDrive/Documents/Projects/Ethiopian National Accessible Exam System/src/test/examPlayer.keyboard.test.tsx"},{"assertionResults":[{"ancestorTitles":["Exam submission flow"],"fullName":"Exam submission flow submits and calls grade API","status":"passed","title":"submits and calls grade API","duration":774.8873000000003,"failureMessages":[],"meta":{}}],"startTime":1774724283617,"endTime":1774724284391.8872,"status":"passed","message":"","name":"C:/Users/A/OneDrive/Documents/Projects/Ethiopian National Accessible Exam System/src/test/examSubmission.api.test.tsx"}]}