{"numTotalTestSuites":8,"numPassedTestSuites":8,"numFailedTestSuites":0,"numPendingTestSuites":0,"numTotalTests":6,"numPassedTests":6,"numFailedTests":0,"numPendingTests":0,"numTodoTests":0,"snapshot":{"added":0,"failure":false,"filesAdded":0,"filesRemoved":0,"filesRemovedList":[],"filesUnmatched":0,"filesUpdated":0,"matched":0,"total":0,"unchecked":0,"uncheckedKeysByFile":[],"unmatched":0,"updated":0,"didUpdate":false},"startTime":1774727317516,"success":true,"testResults":[{"assertionResults":[{"ancestorTitles":["auth flow"],"fullName":"auth flow logs in and refreshes token","status":"passed","title":"logs in and refreshes token","duration":464.4848999999999,"failureMessages":[],"meta":{}},{"ancestorTitles":["auth flow"],"fullName":"auth flow registers a student account","status":"passed","title":"registers a student account","duration":742.6356999999998,"failureMessages":[],"meta":{}},{"ancestorTitles":["auth flow"],"fullName":"auth flow allows admin to create examiner and student accounts","status":"passed","title":"allows admin to create examiner and student accounts","duration":1803.7205000000004,"failureMessages":[],"meta":{}}],"startTime":1774727320374,"endTime":1774727323385.7205,"status":"passed","message":"","name":"C:/Users/A/OneDrive/Documents/Projects/Ethiopian National Accessible Exam System/backend/tests/integration/auth.integration.test.ts"},{"assertionResults":[{"ancestorTitles":["exam lifecycle"],"fullName":"exam lifecycle creates, requests approval, approves and publishes exam","status":"passed","title":"creates, requests approval, approves and publishes exam","duration":1013.5777999999996,"failureMessages":[],"meta":{}}],"startTime":1774727330935,"endTime":1774727331948.578,"status":"passed","message":"","name":"C:/Users/A/OneDrive/Documents/Projects/Ethiopian National Accessible Exam System/backend/tests/integration/exam-lifecycle.integration.test.ts"},{"assertionResults":[{"ancestorTitles":["grading and response sync"],"fullName":"grading and response sync syncs responses with latest answeredAt and computes score","status":"passed","title":"syncs responses with latest answeredAt and computes score","duration":891.5190000000002,"failureMessages":[],"meta":{}}],"startTime":1774727326749,"endTime":1774727327640.519,"status":"passed","message":"","name":"C:/Users/A/OneDrive/Documents/Projects/Ethiopian National Accessible Exam System/backend/tests/integration/grading-sync.integration.test.ts"},{"assertionResults":[{"ancestorTitles":["results service unit"],"fullName":"results service unit calculates total and section scores","status":"passed","title":"calculates total and section scores","duration":4.503999999999905,"failureMessages":[],"meta":{}}],"startTime":1774727334243,"endTime":1774727334247.504,"status":"passed","message":"","name":"C:/Users/A/OneDrive/Documents/Projects/Ethiopian National Accessible Exam System/backend/tests/unit/results.service.unit.test.ts"}]}