{"numTotalTestSuites":8,"numPassedTestSuites":8,"numFailedTestSuites":0,"numPendingTestSuites":0,"numTotalTests":4,"numPassedTests":4,"numFailedTests":0,"numPendingTests":0,"numTodoTests":0,"snapshot":{"added":0,"failure":false,"filesAdded":0,"filesRemoved":0,"filesRemovedList":[],"filesUnmatched":0,"filesUpdated":0,"matched":0,"total":0,"unchecked":0,"uncheckedKeysByFile":[],"unmatched":0,"updated":0,"didUpdate":false},"startTime":1774724310083,"success":true,"testResults":[{"assertionResults":[{"ancestorTitles":["auth flow"],"fullName":"auth flow logs in and refreshes token","status":"passed","title":"logs in and refreshes token","duration":1084.7199999999993,"failureMessages":[],"meta":{}}],"startTime":1774724316173,"endTime":1774724317257.72,"status":"passed","message":"","name":"C:/Users/A/OneDrive/Documents/Projects/Ethiopian National Accessible Exam System/backend/tests/integration/auth.integration.test.ts"},{"assertionResults":[{"ancestorTitles":["exam lifecycle"],"fullName":"exam lifecycle creates, requests approval, approves and publishes exam","status":"passed","title":"creates, requests approval, approves and publishes exam","duration":1704.9551999999994,"failureMessages":[],"meta":{}}],"startTime":1774724316118,"endTime":1774724317822.955,"status":"passed","message":"","name":"C:/Users/A/OneDrive/Documents/Projects/Ethiopian National Accessible Exam System/backend/tests/integration/exam-lifecycle.integration.test.ts"},{"assertionResults":[{"ancestorTitles":["grading and response sync"],"fullName":"grading and response sync syncs responses with latest answeredAt and computes score","status":"passed","title":"syncs responses with latest answeredAt and computes score","duration":1218.7982000000002,"failureMessages":[],"meta":{}}],"startTime":1774724316149,"endTime":1774724317367.798,"status":"passed","message":"","name":"C:/Users/A/OneDrive/Documents/Projects/Ethiopian National Accessible Exam System/backend/tests/integration/grading-sync.integration.test.ts"},{"assertionResults":[{"ancestorTitles":["results service unit"],"fullName":"results service unit calculates total and section scores","status":"passed","title":"calculates total and section scores","duration":6.043500000000222,"failureMessages":[],"meta":{}}],"startTime":1774724314371,"endTime":1774724314377.0435,"status":"passed","message":"","name":"C:/Users/A/OneDrive/Documents/Projects/Ethiopian National Accessible Exam System/backend/tests/unit/results.service.unit.test.ts"}]}